<?xml version="1.0" encoding="UTF-8"?>
<!-- Generated by org.testng.reporters.JUnitReportReporter -->
<testsuite hostname="DESKTOP-BAF6LQ3" name="hotels_API_Tests.SearchHotels_GET_API_Test" tests="7" failures="0" timestamp="18 Apr 2022 14:13:52 GMT" time="7.211" errors="0">
  <testcase name="searchHotel_invalidAuthToken" time="1.205" classname="hotels_API_Tests.SearchHotels_GET_API_Test"/>
  <testcase name="searchHotel_noPlaceID" time="0.736" classname="hotels_API_Tests.SearchHotels_GET_API_Test"/>
  <testcase name="searchHotel_noAuthToken" time="1.043" classname="hotels_API_Tests.SearchHotels_GET_API_Test"/>
  <testcase name="searchHotel_invalidEndpoint" time="0.960" classname="hotels_API_Tests.SearchHotels_GET_API_Test"/>
  <testcase name="searchHotel_invalidPageSize" time="0.987" classname="hotels_API_Tests.SearchHotels_GET_API_Test"/>
  <testcase name="searchHotel_invalidPlaceID" time="0.715" classname="hotels_API_Tests.SearchHotels_GET_API_Test"/>
  <testcase name="searchHotel_positiveFlow" time="1.565" classname="hotels_API_Tests.SearchHotels_GET_API_Test"/>
</testsuite>
