<?xml version="1.0" encoding="UTF-8"?>
<!-- Generated by org.testng.reporters.JUnitReportReporter -->
<testsuite hostname="DESKTOP-BAF6LQ3" name="hotels_API_Tests.SearchHotels_GET_API_Test" tests="7" failures="0" timestamp="18 Apr 2022 22:10:15 GMT" time="7.826" errors="0">
  <testcase name="searchHotel_invalidPageSize" time="0.853" classname="hotels_API_Tests.SearchHotels_GET_API_Test"/>
  <testcase name="searchHotel_invalidEndpoint" time="0.926" classname="hotels_API_Tests.SearchHotels_GET_API_Test"/>
  <testcase name="searchHotel_noPlaceID" time="0.711" classname="hotels_API_Tests.SearchHotels_GET_API_Test"/>
  <testcase name="searchHotel_invalidAuthToken" time="1.057" classname="hotels_API_Tests.SearchHotels_GET_API_Test"/>
  <testcase name="searchHotel_noAuthToken" time="0.716" classname="hotels_API_Tests.SearchHotels_GET_API_Test"/>
  <testcase name="searchHotel_invalidPlaceID" time="1.011" classname="hotels_API_Tests.SearchHotels_GET_API_Test"/>
  <testcase name="searchHotel_positiveFlow" time="2.552" classname="hotels_API_Tests.SearchHotels_GET_API_Test"/>
</testsuite>
